<?xml version="1.0" encoding="UTF-8"?>
<!-- Generated by org.testng.reporters.JUnitXMLReporter -->
<testsuite ignored="0" hostname="DESKTOP-UDH7RLJ" failures="0" tests="2" name="Default test" time="0.126" errors="0" timestamp="2023-04-26T11:10:32 IST">
  <testcase classname="vtigerFrameworkReal.genericutility.BaseClass" name="@BeforeTest bcConfic" time="-1.682487631861E9">
    <failure type="org.testng.TestNGException" message="
Parameter &amp;apos;BROWSER&amp;apos; is required by BeforeTest on method bcConfic but has not been marked @Optional or defined
in C:\Users\HP\AppData\Local\Temp\testng-eclipse--1698605662\testng-customsuite.xml">
      <![CDATA[org.testng.TestNGException: 
Parameter 'BROWSER' is required by BeforeTest on method bcConfic but has not been marked @Optional or defined
in C:\Users\HP\AppData\Local\Temp\testng-eclipse--1698605662\testng-customsuite.xml
at org.testng.internal.Parameters.createParams(Parameters.java:270)
at org.testng.internal.Parameters.createParametersForMethod(Parameters.java:358)
at org.testng.internal.Parameters.createParameters(Parameters.java:700)
at org.testng.internal.Parameters.createConfigurationParameters(Parameters.java:168)
at org.testng.internal.ConfigInvoker.invokeConfigurations(ConfigInvoker.java:302)
at org.testng.TestRunner.invokeTestConfigurations(TestRunner.java:637)
at org.testng.TestRunner.beforeRun(TestRunner.java:627)
at org.testng.TestRunner.run(TestRunner.java:589)
at org.testng.SuiteRunner.runTest(SuiteRunner.java:377)
at org.testng.SuiteRunner.runSequentially(SuiteRunner.java:371)
at org.testng.SuiteRunner.privateRun(SuiteRunner.java:332)
at org.testng.SuiteRunner.run(SuiteRunner.java:276)
at org.testng.SuiteRunnerWorker.runSuite(SuiteRunnerWorker.java:53)
at org.testng.SuiteRunnerWorker.run(SuiteRunnerWorker.java:96)
at org.testng.TestNG.runSuitesSequentially(TestNG.java:1212)
at org.testng.TestNG.runSuitesLocally(TestNG.java:1134)
at org.testng.TestNG.runSuites(TestNG.java:1063)
at org.testng.TestNG.run(TestNG.java:1031)
at org.testng.remote.AbstractRemoteTestNG.run(AbstractRemoteTestNG.java:115)
at org.testng.remote.RemoteTestNG.initAndRun(RemoteTestNG.java:251)
at org.testng.remote.RemoteTestNG.main(RemoteTestNG.java:77)
]]>
    </failure>
  </testcase> <!-- @BeforeTest bcConfic -->
  <testcase classname="vtigerFrameworkReal.genericutility.BaseClass" name="@BeforeMethod bmConfig" time="-1.682487631945E9">
    <skipped/>
  </testcase> <!-- @BeforeMethod bmConfig -->
  <testcase classname="vtigerFrameworkReal.genericutility.BaseClass" name="@AfterMethod amConfig" time="-1.682487631959E9">
    <skipped/>
  </testcase> <!-- @AfterMethod amConfig -->
  <testcase classname="vtigerFrameworkReal.genericutility.BaseClass" name="@BeforeMethod bmConfig" time="-1.682487631965E9">
    <skipped/>
  </testcase> <!-- @BeforeMethod bmConfig -->
  <testcase classname="vtigerFrameworkReal.genericutility.BaseClass" name="@AfterMethod amConfig" time="-1.682487631971E9">
    <skipped/>
  </testcase> <!-- @AfterMethod amConfig -->
  <testcase classname="vtigerFrameworkReal.genericutility.BaseClass" name="@AfterTest acConfig" time="-1.682487631974E9">
    <skipped/>
  </testcase> <!-- @AfterTest acConfig -->
  <testcase classname="vtigerFrameworkReal.organisationstest.CreateOrganisationWithIndustry" name="CreateOrgWithIndustryTest" time="0.0">
    <skipped/>
  </testcase> <!-- CreateOrgWithIndustryTest -->
  <testcase classname="vtigerFrameworkReal.organisationstest.CreateOrganisationWithIndustry" name="demoRegression" time="0.0">
    <skipped/>
  </testcase> <!-- demoRegression -->
</testsuite> <!-- Default test -->
